<?xml version="1.0" encoding="utf-8" standalone="no"?>
<!--This file represents the results of running a test suite-->
<test-results name="D:\Xsolla test\NUnitTest1\NUnitTest1\bin\Debug\NUnitTest1.exe" total="9" errors="0" failures="0" not-run="0" inconclusive="0" ignored="0" skipped="0" invalid="0" date="2018-02-11" time="15:29:37">
  <environment nunit-version="2.5.10.11092" clr-version="4.0.30319.42000" os-version="Microsoft Windows NT 6.1.7601 Service Pack 1" platform="Win32NT" cwd="D:\Xsolla test\NUnitTest1\NUnitTest1\bin\Debug" machine-name="KOK" user="кок" user-domain="kok" />
  <culture-info current-culture="ru-RU" current-uiculture="ru-RU" />
  <test-suite type="Assembly" name="D:\Xsolla test\NUnitTest1\NUnitTest1\bin\Debug\NUnitTest1.exe" executed="True" result="Success" success="True" time="75.118" asserts="0">
    <results>
      <test-suite type="Namespace" name="NUnitTest1" executed="True" result="Success" success="True" time="75.109" asserts="0">
        <results>
          <test-suite type="TestFixture" name="TestFixture1" executed="True" result="Success" success="True" time="75.068" asserts="1">
            <results>
              <test-case name="NUnitTest1.TestFixture1.testCreatePromotion" executed="True" result="Success" success="True" time="2.033" asserts="2" />
              <test-case name="NUnitTest1.TestFixture1.testDeletePromotion" executed="True" result="Success" success="True" time="1.952" asserts="2" />
              <test-case name="NUnitTest1.TestFixture1.testReviewPromotionNegative" executed="True" result="Success" success="True" time="9.744" asserts="2" />
              <test-case name="NUnitTest1.TestFixture1.testSetPaymentSystem" executed="True" result="Success" success="True" time="3.215" asserts="3" />
              <test-case name="NUnitTest1.TestFixture1.testSetPeriods" executed="True" result="Success" success="True" time="3.138" asserts="3" />
              <test-case name="NUnitTest1.TestFixture1.testSetRewards" executed="True" result="Success" success="True" time="3.352" asserts="3" />
              <test-case name="NUnitTest1.TestFixture1.testSetSubject" executed="True" result="Success" success="True" time="3.774" asserts="3" />
              <test-case name="NUnitTest1.TestFixture1.testTogglePromotionNegative" executed="True" result="Success" success="True" time="10.645" asserts="2" />
              <test-case name="NUnitTest1.TestFixture1.testTogglePromotionPositive" executed="True" result="Success" success="True" time="23.089" asserts="7" />
            </results>
          </test-suite>
        </results>
      </test-suite>
    </results>
  </test-suite>
</test-results>